<?xml version="1.0" encoding="UTF-8"?>
<testsuite xmlns:xsi="http://www.w3.org/2001/XMLSchema-instance" xsi:noNamespaceSchemaLocation="https://maven.apache.org/surefire/maven-surefire-plugin/xsd/surefire-test-report.xsd" name="eu.pommeray.randomadditions.CalculatorTest" time="2.704" tests="4" errors="0" skipped="0" failures="0">
  <properties>
    <property name="java.specification.version" value="21"/>
    <property name="sun.cpu.isalist" value="amd64"/>
    <property name="sun.jnu.encoding" value="Cp1252"/>
    <property name="java.class.path" value="D:\Personnel\Ecole\ISFATES\Semestre 4\Automatisierte Softwareentwicklung\projekt\code\random-additions\target\test-classes;D:\Personnel\Ecole\ISFATES\Semestre 4\Automatisierte Softwareentwicklung\projekt\code\random-additions\target\classes;C:\Users\Matthias\.m2\repository\io\papermc\paper\paper-api\1.20.6-R0.1-SNAPSHOT\paper-api-1.20.6-R0.1-SNAPSHOT.jar;C:\Users\Matthias\.m2\repository\com\mojang\brigadier\1.2.9\brigadier-1.2.9.jar;C:\Users\Matthias\.m2\repository\com\google\guava\guava\32.1.2-jre\guava-32.1.2-jre.jar;C:\Users\Matthias\.m2\repository\com\google\guava\failureaccess\1.0.1\failureaccess-1.0.1.jar;C:\Users\Matthias\.m2\repository\com\google\guava\listenablefuture\9999.0-empty-to-avoid-conflict-with-guava\listenablefuture-9999.0-empty-to-avoid-conflict-with-guava.jar;C:\Users\Matthias\.m2\repository\com\google\code\findbugs\jsr305\3.0.2\jsr305-3.0.2.jar;C:\Users\Matthias\.m2\repository\com\google\errorprone\error_prone_annotations\2.18.0\error_prone_annotations-2.18.0.jar;C:\Users\Matthias\.m2\repository\com\google\j2objc\j2objc-annotations\2.8\j2objc-annotations-2.8.jar;C:\Users\Matthias\.m2\repository\com\google\code\gson\gson\2.10.1\gson-2.10.1.jar;C:\Users\Matthias\.m2\repository\net\md-5\bungeecord-chat\1.20-R0.2-deprecated+build.18\bungeecord-chat-1.20-R0.2-deprecated+build.18.jar;C:\Users\Matthias\.m2\repository\org\yaml\snakeyaml\2.2\snakeyaml-2.2.jar;C:\Users\Matthias\.m2\repository\org\joml\joml\1.10.5\joml-1.10.5.jar;C:\Users\Matthias\.m2\repository\com\googlecode\json-simple\json-simple\1.1.1\json-simple-1.1.1.jar;C:\Users\Matthias\.m2\repository\it\unimi\dsi\fastutil\8.5.6\fastutil-8.5.6.jar;C:\Users\Matthias\.m2\repository\org\apache\logging\log4j\log4j-api\2.17.1\log4j-api-2.17.1.jar;C:\Users\Matthias\.m2\repository\org\slf4j\slf4j-api\2.0.9\slf4j-api-2.0.9.jar;C:\Users\Matthias\.m2\repository\org\apache\maven\maven-resolver-provider\3.9.6\maven-resolver-provider-3.9.6.jar;C:\Users\Matthias\.m2\repository\org\apache\maven\maven-model\3.9.6\maven-model-3.9.6.jar;C:\Users\Matthias\.m2\repository\org\apache\maven\maven-model-builder\3.9.6\maven-model-builder-3.9.6.jar;C:\Users\Matthias\.m2\repository\org\codehaus\plexus\plexus-interpolation\1.26\plexus-interpolation-1.26.jar;C:\Users\Matthias\.m2\repository\org\apache\maven\maven-artifact\3.9.6\maven-artifact-3.9.6.jar;C:\Users\Matthias\.m2\repository\org\apache\commons\commons-lang3\3.12.0\commons-lang3-3.12.0.jar;C:\Users\Matthias\.m2\repository\org\apache\maven\maven-builder-support\3.9.6\maven-builder-support-3.9.6.jar;C:\Users\Matthias\.m2\repository\org\eclipse\sisu\org.eclipse.sisu.inject\0.9.0.M2\org.eclipse.sisu.inject-0.9.0.M2.jar;C:\Users\Matthias\.m2\repository\org\apache\maven\maven-repository-metadata\3.9.6\maven-repository-metadata-3.9.6.jar;C:\Users\Matthias\.m2\repository\org\apache\maven\resolver\maven-resolver-api\1.9.18\maven-resolver-api-1.9.18.jar;C:\Users\Matthias\.m2\repository\org\apache\maven\resolver\maven-resolver-spi\1.9.18\maven-resolver-spi-1.9.18.jar;C:\Users\Matthias\.m2\repository\org\apache\maven\resolver\maven-resolver-util\1.9.18\maven-resolver-util-1.9.18.jar;C:\Users\Matthias\.m2\repository\org\apache\maven\resolver\maven-resolver-impl\1.9.18\maven-resolver-impl-1.9.18.jar;C:\Users\Matthias\.m2\repository\org\apache\maven\resolver\maven-resolver-named-locks\1.9.18\maven-resolver-named-locks-1.9.18.jar;C:\Users\Matthias\.m2\repository\javax\inject\javax.inject\1\javax.inject-1.jar;C:\Users\Matthias\.m2\repository\net\kyori\adventure-api\4.17.0\adventure-api-4.17.0.jar;C:\Users\Matthias\.m2\repository\net\kyori\adventure-key\4.17.0\adventure-key-4.17.0.jar;C:\Users\Matthias\.m2\repository\net\kyori\examination-api\1.3.0\examination-api-1.3.0.jar;C:\Users\Matthias\.m2\repository\net\kyori\examination-string\1.3.0\examination-string-1.3.0.jar;C:\Users\Matthias\.m2\repository\net\kyori\adventure-text-minimessage\4.17.0\adventure-text-minimessage-4.17.0.jar;C:\Users\Matthias\.m2\repository\net\kyori\adventure-text-serializer-gson\4.17.0\adventure-text-serializer-gson-4.17.0.jar;C:\Users\Matthias\.m2\repository\net\kyori\adventure-text-serializer-json\4.17.0\adventure-text-serializer-json-4.17.0.jar;C:\Users\Matthias\.m2\repository\net\kyori\option\1.0.0\option-1.0.0.jar;C:\Users\Matthias\.m2\repository\com\google\auto\service\auto-service-annotations\1.1.1\auto-service-annotations-1.1.1.jar;C:\Users\Matthias\.m2\repository\net\kyori\adventure-text-serializer-legacy\4.17.0\adventure-text-serializer-legacy-4.17.0.jar;C:\Users\Matthias\.m2\repository\net\kyori\adventure-text-serializer-plain\4.17.0\adventure-text-serializer-plain-4.17.0.jar;C:\Users\Matthias\.m2\repository\net\kyori\adventure-text-logger-slf4j\4.17.0\adventure-text-logger-slf4j-4.17.0.jar;C:\Users\Matthias\.m2\repository\org\checkerframework\checker-qual\3.33.0\checker-qual-3.33.0.jar;C:\Users\Matthias\.m2\repository\org\ow2\asm\asm\9.7\asm-9.7.jar;C:\Users\Matthias\.m2\repository\org\ow2\asm\asm-commons\9.7\asm-commons-9.7.jar;C:\Users\Matthias\.m2\repository\org\ow2\asm\asm-tree\9.7\asm-tree-9.7.jar;C:\Users\Matthias\.m2\repository\org\mockito\mockito-core\5.12.0\mockito-core-5.12.0.jar;C:\Users\Matthias\.m2\repository\net\bytebuddy\byte-buddy\1.14.15\byte-buddy-1.14.15.jar;C:\Users\Matthias\.m2\repository\net\bytebuddy\byte-buddy-agent\1.14.15\byte-buddy-agent-1.14.15.jar;C:\Users\Matthias\.m2\repository\org\objenesis\objenesis\3.3\objenesis-3.3.jar;C:\Users\Matthias\.m2\repository\org\mockito\mockito-junit-jupiter\5.12.0\mockito-junit-jupiter-5.12.0.jar;C:\Users\Matthias\.m2\repository\org\junit\jupiter\junit-jupiter-api\5.10.2\junit-jupiter-api-5.10.2.jar;C:\Users\Matthias\.m2\repository\org\opentest4j\opentest4j\1.3.0\opentest4j-1.3.0.jar;C:\Users\Matthias\.m2\repository\org\junit\platform\junit-platform-commons\1.10.2\junit-platform-commons-1.10.2.jar;C:\Users\Matthias\.m2\repository\org\apiguardian\apiguardian-api\1.1.2\apiguardian-api-1.1.2.jar;C:\Users\Matthias\.m2\repository\org\jacoco\jacoco-maven-plugin\0.8.12\jacoco-maven-plugin-0.8.12.jar;C:\Users\Matthias\.m2\repository\org\codehaus\plexus\plexus-utils\3.0.24\plexus-utils-3.0.24.jar;C:\Users\Matthias\.m2\repository\org\apache\maven\shared\file-management\3.1.0\file-management-3.1.0.jar;C:\Users\Matthias\.m2\repository\commons-io\commons-io\2.11.0\commons-io-2.11.0.jar;C:\Users\Matthias\.m2\repository\org\apache\maven\reporting\maven-reporting-api\3.0\maven-reporting-api-3.0.jar;C:\Users\Matthias\.m2\repository\org\apache\maven\doxia\doxia-sink-api\1.0\doxia-sink-api-1.0.jar;C:\Users\Matthias\.m2\repository\org\jacoco\org.jacoco.agent\0.8.12\org.jacoco.agent-0.8.12-runtime.jar;C:\Users\Matthias\.m2\repository\org\jacoco\org.jacoco.core\0.8.12\org.jacoco.core-0.8.12.jar;C:\Users\Matthias\.m2\repository\org\jacoco\org.jacoco.report\0.8.12\org.jacoco.report-0.8.12.jar;C:\Users\Matthias\.m2\repository\org\junit\jupiter\junit-jupiter\5.10.2\junit-jupiter-5.10.2.jar;C:\Users\Matthias\.m2\repository\org\junit\jupiter\junit-jupiter-params\5.10.2\junit-jupiter-params-5.10.2.jar;C:\Users\Matthias\.m2\repository\org\junit\jupiter\junit-jupiter-engine\5.10.2\junit-jupiter-engine-5.10.2.jar;C:\Users\Matthias\.m2\repository\org\junit\platform\junit-platform-engine\1.10.2\junit-platform-engine-1.10.2.jar;C:\Users\Matthias\.m2\repository\com\github\seeseemelk\MockBukkit-v1.20\3.89.0\MockBukkit-v1.20-3.89.0.jar;C:\Users\Matthias\.m2\repository\org\jetbrains\annotations\24.1.0\annotations-24.1.0.jar;C:\Users\Matthias\.m2\repository\org\apache\maven\resolver\maven-resolver-connector-basic\1.7.3\maven-resolver-connector-basic-1.7.3.jar;C:\Users\Matthias\.m2\repository\org\apache\maven\resolver\maven-resolver-transport-http\1.7.3\maven-resolver-transport-http-1.7.3.jar;C:\Users\Matthias\.m2\repository\org\apache\httpcomponents\httpclient\4.5.13\httpclient-4.5.13.jar;C:\Users\Matthias\.m2\repository\commons-codec\commons-codec\1.11\commons-codec-1.11.jar;C:\Users\Matthias\.m2\repository\org\apache\httpcomponents\httpcore\4.4.14\httpcore-4.4.14.jar;C:\Users\Matthias\.m2\repository\org\slf4j\jcl-over-slf4j\1.7.32\jcl-over-slf4j-1.7.32.jar;"/>
    <property name="java.vm.vendor" value="Eclipse Adoptium"/>
    <property name="sun.arch.data.model" value="64"/>
    <property name="user.variant" value=""/>
    <property name="java.vendor.url" value="https://adoptium.net/"/>
    <property name="user.timezone" value="Europe/Paris"/>
    <property name="os.name" value="Windows 11"/>
    <property name="java.vm.specification.version" value="21"/>
    <property name="sun.java.launcher" value="SUN_STANDARD"/>
    <property name="user.country" value="FR"/>
    <property name="sun.boot.library.path" value="C:\Program Files\Eclipse Adoptium\jdk-21.0.3.9-hotspot\bin"/>
    <property name="sun.java.command" value="C:\Users\Matthias\AppData\Local\Temp\surefire9768869007907385510\surefirebooter16474237820219734557.jar C:\Users\Matthias\AppData\Local\Temp\surefire9768869007907385510 2024-07-12T18-46-25_338-jvmRun1 surefire17412610603202630897tmp surefire_09940792852115408405tmp"/>
    <property name="jdk.debug" value="release"/>
    <property name="surefire.test.class.path" value="D:\Personnel\Ecole\ISFATES\Semestre 4\Automatisierte Softwareentwicklung\projekt\code\random-additions\target\test-classes;D:\Personnel\Ecole\ISFATES\Semestre 4\Automatisierte Softwareentwicklung\projekt\code\random-additions\target\classes;C:\Users\Matthias\.m2\repository\io\papermc\paper\paper-api\1.20.6-R0.1-SNAPSHOT\paper-api-1.20.6-R0.1-SNAPSHOT.jar;C:\Users\Matthias\.m2\repository\com\mojang\brigadier\1.2.9\brigadier-1.2.9.jar;C:\Users\Matthias\.m2\repository\com\google\guava\guava\32.1.2-jre\guava-32.1.2-jre.jar;C:\Users\Matthias\.m2\repository\com\google\guava\failureaccess\1.0.1\failureaccess-1.0.1.jar;C:\Users\Matthias\.m2\repository\com\google\guava\listenablefuture\9999.0-empty-to-avoid-conflict-with-guava\listenablefuture-9999.0-empty-to-avoid-conflict-with-guava.jar;C:\Users\Matthias\.m2\repository\com\google\code\findbugs\jsr305\3.0.2\jsr305-3.0.2.jar;C:\Users\Matthias\.m2\repository\com\google\errorprone\error_prone_annotations\2.18.0\error_prone_annotations-2.18.0.jar;C:\Users\Matthias\.m2\repository\com\google\j2objc\j2objc-annotations\2.8\j2objc-annotations-2.8.jar;C:\Users\Matthias\.m2\repository\com\google\code\gson\gson\2.10.1\gson-2.10.1.jar;C:\Users\Matthias\.m2\repository\net\md-5\bungeecord-chat\1.20-R0.2-deprecated+build.18\bungeecord-chat-1.20-R0.2-deprecated+build.18.jar;C:\Users\Matthias\.m2\repository\org\yaml\snakeyaml\2.2\snakeyaml-2.2.jar;C:\Users\Matthias\.m2\repository\org\joml\joml\1.10.5\joml-1.10.5.jar;C:\Users\Matthias\.m2\repository\com\googlecode\json-simple\json-simple\1.1.1\json-simple-1.1.1.jar;C:\Users\Matthias\.m2\repository\it\unimi\dsi\fastutil\8.5.6\fastutil-8.5.6.jar;C:\Users\Matthias\.m2\repository\org\apache\logging\log4j\log4j-api\2.17.1\log4j-api-2.17.1.jar;C:\Users\Matthias\.m2\repository\org\slf4j\slf4j-api\2.0.9\slf4j-api-2.0.9.jar;C:\Users\Matthias\.m2\repository\org\apache\maven\maven-resolver-provider\3.9.6\maven-resolver-provider-3.9.6.jar;C:\Users\Matthias\.m2\repository\org\apache\maven\maven-model\3.9.6\maven-model-3.9.6.jar;C:\Users\Matthias\.m2\repository\org\apache\maven\maven-model-builder\3.9.6\maven-model-builder-3.9.6.jar;C:\Users\Matthias\.m2\repository\org\codehaus\plexus\plexus-interpolation\1.26\plexus-interpolation-1.26.jar;C:\Users\Matthias\.m2\repository\org\apache\maven\maven-artifact\3.9.6\maven-artifact-3.9.6.jar;C:\Users\Matthias\.m2\repository\org\apache\commons\commons-lang3\3.12.0\commons-lang3-3.12.0.jar;C:\Users\Matthias\.m2\repository\org\apache\maven\maven-builder-support\3.9.6\maven-builder-support-3.9.6.jar;C:\Users\Matthias\.m2\repository\org\eclipse\sisu\org.eclipse.sisu.inject\0.9.0.M2\org.eclipse.sisu.inject-0.9.0.M2.jar;C:\Users\Matthias\.m2\repository\org\apache\maven\maven-repository-metadata\3.9.6\maven-repository-metadata-3.9.6.jar;C:\Users\Matthias\.m2\repository\org\apache\maven\resolver\maven-resolver-api\1.9.18\maven-resolver-api-1.9.18.jar;C:\Users\Matthias\.m2\repository\org\apache\maven\resolver\maven-resolver-spi\1.9.18\maven-resolver-spi-1.9.18.jar;C:\Users\Matthias\.m2\repository\org\apache\maven\resolver\maven-resolver-util\1.9.18\maven-resolver-util-1.9.18.jar;C:\Users\Matthias\.m2\repository\org\apache\maven\resolver\maven-resolver-impl\1.9.18\maven-resolver-impl-1.9.18.jar;C:\Users\Matthias\.m2\repository\org\apache\maven\resolver\maven-resolver-named-locks\1.9.18\maven-resolver-named-locks-1.9.18.jar;C:\Users\Matthias\.m2\repository\javax\inject\javax.inject\1\javax.inject-1.jar;C:\Users\Matthias\.m2\repository\net\kyori\adventure-api\4.17.0\adventure-api-4.17.0.jar;C:\Users\Matthias\.m2\repository\net\kyori\adventure-key\4.17.0\adventure-key-4.17.0.jar;C:\Users\Matthias\.m2\repository\net\kyori\examination-api\1.3.0\examination-api-1.3.0.jar;C:\Users\Matthias\.m2\repository\net\kyori\examination-string\1.3.0\examination-string-1.3.0.jar;C:\Users\Matthias\.m2\repository\net\kyori\adventure-text-minimessage\4.17.0\adventure-text-minimessage-4.17.0.jar;C:\Users\Matthias\.m2\repository\net\kyori\adventure-text-serializer-gson\4.17.0\adventure-text-serializer-gson-4.17.0.jar;C:\Users\Matthias\.m2\repository\net\kyori\adventure-text-serializer-json\4.17.0\adventure-text-serializer-json-4.17.0.jar;C:\Users\Matthias\.m2\repository\net\kyori\option\1.0.0\option-1.0.0.jar;C:\Users\Matthias\.m2\repository\com\google\auto\service\auto-service-annotations\1.1.1\auto-service-annotations-1.1.1.jar;C:\Users\Matthias\.m2\repository\net\kyori\adventure-text-serializer-legacy\4.17.0\adventure-text-serializer-legacy-4.17.0.jar;C:\Users\Matthias\.m2\repository\net\kyori\adventure-text-serializer-plain\4.17.0\adventure-text-serializer-plain-4.17.0.jar;C:\Users\Matthias\.m2\repository\net\kyori\adventure-text-logger-slf4j\4.17.0\adventure-text-logger-slf4j-4.17.0.jar;C:\Users\Matthias\.m2\repository\org\checkerframework\checker-qual\3.33.0\checker-qual-3.33.0.jar;C:\Users\Matthias\.m2\repository\org\ow2\asm\asm\9.7\asm-9.7.jar;C:\Users\Matthias\.m2\repository\org\ow2\asm\asm-commons\9.7\asm-commons-9.7.jar;C:\Users\Matthias\.m2\repository\org\ow2\asm\asm-tree\9.7\asm-tree-9.7.jar;C:\Users\Matthias\.m2\repository\org\mockito\mockito-core\5.12.0\mockito-core-5.12.0.jar;C:\Users\Matthias\.m2\repository\net\bytebuddy\byte-buddy\1.14.15\byte-buddy-1.14.15.jar;C:\Users\Matthias\.m2\repository\net\bytebuddy\byte-buddy-agent\1.14.15\byte-buddy-agent-1.14.15.jar;C:\Users\Matthias\.m2\repository\org\objenesis\objenesis\3.3\objenesis-3.3.jar;C:\Users\Matthias\.m2\repository\org\mockito\mockito-junit-jupiter\5.12.0\mockito-junit-jupiter-5.12.0.jar;C:\Users\Matthias\.m2\repository\org\junit\jupiter\junit-jupiter-api\5.10.2\junit-jupiter-api-5.10.2.jar;C:\Users\Matthias\.m2\repository\org\opentest4j\opentest4j\1.3.0\opentest4j-1.3.0.jar;C:\Users\Matthias\.m2\repository\org\junit\platform\junit-platform-commons\1.10.2\junit-platform-commons-1.10.2.jar;C:\Users\Matthias\.m2\repository\org\apiguardian\apiguardian-api\1.1.2\apiguardian-api-1.1.2.jar;C:\Users\Matthias\.m2\repository\org\jacoco\jacoco-maven-plugin\0.8.12\jacoco-maven-plugin-0.8.12.jar;C:\Users\Matthias\.m2\repository\org\codehaus\plexus\plexus-utils\3.0.24\plexus-utils-3.0.24.jar;C:\Users\Matthias\.m2\repository\org\apache\maven\shared\file-management\3.1.0\file-management-3.1.0.jar;C:\Users\Matthias\.m2\repository\commons-io\commons-io\2.11.0\commons-io-2.11.0.jar;C:\Users\Matthias\.m2\repository\org\apache\maven\reporting\maven-reporting-api\3.0\maven-reporting-api-3.0.jar;C:\Users\Matthias\.m2\repository\org\apache\maven\doxia\doxia-sink-api\1.0\doxia-sink-api-1.0.jar;C:\Users\Matthias\.m2\repository\org\jacoco\org.jacoco.agent\0.8.12\org.jacoco.agent-0.8.12-runtime.jar;C:\Users\Matthias\.m2\repository\org\jacoco\org.jacoco.core\0.8.12\org.jacoco.core-0.8.12.jar;C:\Users\Matthias\.m2\repository\org\jacoco\org.jacoco.report\0.8.12\org.jacoco.report-0.8.12.jar;C:\Users\Matthias\.m2\repository\org\junit\jupiter\junit-jupiter\5.10.2\junit-jupiter-5.10.2.jar;C:\Users\Matthias\.m2\repository\org\junit\jupiter\junit-jupiter-params\5.10.2\junit-jupiter-params-5.10.2.jar;C:\Users\Matthias\.m2\repository\org\junit\jupiter\junit-jupiter-engine\5.10.2\junit-jupiter-engine-5.10.2.jar;C:\Users\Matthias\.m2\repository\org\junit\platform\junit-platform-engine\1.10.2\junit-platform-engine-1.10.2.jar;C:\Users\Matthias\.m2\repository\com\github\seeseemelk\MockBukkit-v1.20\3.89.0\MockBukkit-v1.20-3.89.0.jar;C:\Users\Matthias\.m2\repository\org\jetbrains\annotations\24.1.0\annotations-24.1.0.jar;C:\Users\Matthias\.m2\repository\org\apache\maven\resolver\maven-resolver-connector-basic\1.7.3\maven-resolver-connector-basic-1.7.3.jar;C:\Users\Matthias\.m2\repository\org\apache\maven\resolver\maven-resolver-transport-http\1.7.3\maven-resolver-transport-http-1.7.3.jar;C:\Users\Matthias\.m2\repository\org\apache\httpcomponents\httpclient\4.5.13\httpclient-4.5.13.jar;C:\Users\Matthias\.m2\repository\commons-codec\commons-codec\1.11\commons-codec-1.11.jar;C:\Users\Matthias\.m2\repository\org\apache\httpcomponents\httpcore\4.4.14\httpcore-4.4.14.jar;C:\Users\Matthias\.m2\repository\org\slf4j\jcl-over-slf4j\1.7.32\jcl-over-slf4j-1.7.32.jar;"/>
    <property name="sun.cpu.endian" value="little"/>
    <property name="user.home" value="C:\Users\Matthias"/>
    <property name="user.language" value="fr"/>
    <property name="java.specification.vendor" value="Oracle Corporation"/>
    <property name="java.version.date" value="2024-04-16"/>
    <property name="java.home" value="C:\Program Files\Eclipse Adoptium\jdk-21.0.3.9-hotspot"/>
    <property name="file.separator" value="\"/>
    <property name="basedir" value="D:\Personnel\Ecole\ISFATES\Semestre 4\Automatisierte Softwareentwicklung\projekt\code\random-additions"/>
    <property name="java.vm.compressedOopsMode" value="Zero based"/>
    <property name="line.separator" value="&#10;"/>
    <property name="java.vm.specification.vendor" value="Oracle Corporation"/>
    <property name="java.specification.name" value="Java Platform API Specification"/>
    <property name="surefire.real.class.path" value="C:\Users\Matthias\AppData\Local\Temp\surefire9768869007907385510\surefirebooter16474237820219734557.jar"/>
    <property name="user.script" value=""/>
    <property name="sun.management.compiler" value="HotSpot 64-Bit Tiered Compilers"/>
    <property name="java.runtime.version" value="21.0.3+9-LTS"/>
    <property name="user.name" value="Matthias"/>
    <property name="stdout.encoding" value="Cp1252"/>
    <property name="path.separator" value=";"/>
    <property name="os.version" value="10.0"/>
    <property name="java.runtime.name" value="OpenJDK Runtime Environment"/>
    <property name="file.encoding" value="UTF-8"/>
    <property name="java.vm.name" value="OpenJDK 64-Bit Server VM"/>
    <property name="java.vendor.version" value="Temurin-21.0.3+9"/>
    <property name="localRepository" value="C:\Users\Matthias\.m2\repository"/>
    <property name="java.vendor.url.bug" value="https://github.com/adoptium/adoptium-support/issues"/>
    <property name="java.io.tmpdir" value="C:\Users\Matthias\AppData\Local\Temp\"/>
    <property name="java.version" value="21.0.3"/>
    <property name="user.dir" value="D:\Personnel\Ecole\ISFATES\Semestre 4\Automatisierte Softwareentwicklung\projekt\code\random-additions"/>
    <property name="os.arch" value="amd64"/>
    <property name="java.vm.specification.name" value="Java Virtual Machine Specification"/>
    <property name="sun.os.patch.level" value=""/>
    <property name="native.encoding" value="Cp1252"/>
    <property name="java.library.path" value="C:\Program Files\Eclipse Adoptium\jdk-21.0.3.9-hotspot\bin;C:\Windows\Sun\Java\bin;C:\Windows\system32;C:\Windows;C:\Program Files\Eclipse Adoptium\jdk-21.0.3.9-hotspot\bin;C:\Program Files\Eclipse Adoptium\jdk-8.0.412.8-hotspot\bin;C:\Program Files (x86)\Common Files\Oracle\Java\java8path;C:\Program Files (x86)\Common Files\Oracle\Java\javapath;C:\Users\Matthias\AppData\Local\yt_dlp_firefox;C:\Users\Matthias\AppData\Local\yt_dlp_firefox;C:\Users\Matthias\AppData\Local\yt_dlp_firefox;C:\Windows\system32;C:\Windows;C:\Windows\System32\Wbem;C:\Windows\System32\WindowsPowerShell\v1.0\;C:\Windows\System32\OpenSSH\;C:\Program Files (x86)\NVIDIA Corporation\PhysX\Common;C:\Program Files\Microsoft VS Code\bin;C:\Program Files\dotnet\;C:\Users\Matthias\AppData\Local\Programs\Python\Python312\Scripts\;C:\Users\Matthias\AppData\Local\Programs\Python\Python312\;C:\Users\Matthias\AppData\Local\Programs\Python\Launcher\;C:\Users\Matthias\AppData\Local\Programs\Python\Python311\Scripts\;C:\Users\Matthias\AppData\Local\Programs\Python\Python311\;C:\Users\Matthias\AppData\Local\Microsoft\WindowsApps;C:\Users\Matthias\.dotnet\tools;C:\Users\Matthias\AppD;C:\ProgramData\chocolatey\bin;C:\Program Files\PuTTY\;C:\Program Files\NVIDIA Corporation\NVIDIA App\NvDLISR;C:\Programmes Portables\ferium-windows-msvc\ferium.exe;C:\Programmes Portables\yt-dlp\yt-dlp.exe;C:\Programmes Portables\ffmpeg;C:\Program Files\Git\cmd;C:\Program Files\WireSock VPN Client\bin\;C:\Program Files\PowerShell\7\;C:\Users\Matthias\AppData\Local\Programs\Python\Python312\Scripts\;C:\Users\Matthias\AppData\Local\Programs\Python\Python312\;C:\Users\Matthias\.cargo\bin;C:\Users\Matthias\AppData\Local\Programs\Python\Python311\Scripts\;C:\Users\Matthias\AppData\Local\Programs\Python\Python311\;C:\Users\Matthias\AppData\Local\Microsoft\WindowsApps;C:\Users\Matthias\.dotnet\tools;C:\Users\Matthias\AppData\Local\Programs\oh-my-posh\bin;C:\Programmes Portables\apache-maven-3.9.5\bin;C:\Programmes Portables\sqlite;C:\Program Files\7-Zip-Zstandard;C:\Users\Matthias\AppData\Local\Microsoft\WinGet\Packages\GorillaDevs.Ferium_Microsoft.Winget.Source_8wekyb3d8bbwe;C:\Programmes Portables\ffmpeg;;."/>
    <property name="java.vm.info" value="mixed mode, sharing"/>
    <property name="stderr.encoding" value="Cp1252"/>
    <property name="java.vendor" value="Eclipse Adoptium"/>
    <property name="java.vm.version" value="21.0.3+9-LTS"/>
    <property name="sun.io.unicode.encoding" value="UnicodeLittle"/>
    <property name="java.class.version" value="65.0"/>
  </properties>
  <testcase name="calculatorMultiplicationOperation" classname="eu.pommeray.randomadditions.CalculatorTest" time="2.587"/>
  <testcase name="calculatorDivisionOperation" classname="eu.pommeray.randomadditions.CalculatorTest" time="0.03"/>
  <testcase name="calculatorWrongArgumentsTest" classname="eu.pommeray.randomadditions.CalculatorTest" time="0.025"/>
  <testcase name="calculatorAdditionOperation" classname="eu.pommeray.randomadditions.CalculatorTest" time="0.023"/>
</testsuite>